<?xml version="1.0" encoding="UTF-8"?>
<testng-results ignored="0" total="1" passed="1" failed="0" skipped="0">
  <reporter-output>
  </reporter-output>
  <suite started-at="2022-04-12T13:28:00 BST" name="CMSTestSuite" finished-at="2022-04-12T13:28:41 BST" duration-ms="41503">
    <groups>
    </groups>
    <test started-at="2022-04-12T13:28:00 BST" name="TestOn-WIN10_Chrome" finished-at="2022-04-12T13:28:41 BST" duration-ms="41503">
      <class name="testrunner.ExecuteTests">
        <test-method is-config="true" signature="setUp(java.lang.String,java.lang.String,java.lang.String,java.lang.String,java.lang.String,java.lang.String,java.lang.String)[pri:0, instance:testrunner.ExecuteTests@4a94ee4]" started-at="2022-04-12T13:28:00 BST" name="setUp" finished-at="2022-04-12T13:28:03 BST" duration-ms="3148" status="PASS">
          <params>
            <param index="0">
              <value>
                <![CDATA[Chrome]]>
              </value>
            </param>
            <param index="1">
              <value>
                <![CDATA[99.0]]>
              </value>
            </param>
            <param index="2">
              <value>
                <![CDATA[Windows]]>
              </value>
            </param>
            <param index="3">
              <value>
                <![CDATA[10]]>
              </value>
            </param>
            <param index="4">
              <value>
                <![CDATA[]]>
              </value>
            </param>
            <param index="5">
              <value>
                <![CDATA[]]>
              </value>
            </param>
            <param index="6">
              <value>
                <![CDATA[1920x1080]]>
              </value>
            </param>
          </params>
          <reporter-output>
          </reporter-output>
        </test-method> <!-- setUp -->
        <test-method signature="executeTests(java.lang.String,java.lang.String,java.lang.String,java.lang.String)[pri:0, instance:testrunner.ExecuteTests@4a94ee4]" started-at="2022-04-12T13:28:03 BST" name="executeTests" finished-at="2022-04-12T13:28:40 BST" duration-ms="37189" status="PASS">
          <params>
            <param index="0">
              <value>
                <![CDATA[Chrome]]>
              </value>
            </param>
            <param index="1">
              <value>
                <![CDATA[Windows]]>
              </value>
            </param>
            <param index="2">
              <value>
                <![CDATA[10]]>
              </value>
            </param>
            <param index="3">
              <value>
                <![CDATA[]]>
              </value>
            </param>
          </params>
          <reporter-output>
          </reporter-output>
        </test-method> <!-- executeTests -->
        <test-method is-config="true" signature="closeApp()[pri:0, instance:testrunner.ExecuteTests@4a94ee4]" started-at="2022-04-12T13:28:40 BST" name="closeApp" finished-at="2022-04-12T13:28:41 BST" duration-ms="1049" status="PASS">
          <reporter-output>
          </reporter-output>
        </test-method> <!-- closeApp -->
      </class> <!-- testrunner.ExecuteTests -->
    </test> <!-- TestOn-WIN10_Chrome -->
  </suite> <!-- CMSTestSuite -->
</testng-results>
