<?xml version="1.0" encoding="UTF-8"?>
<!-- Generated by org.testng.reporters.JUnitXMLReporter -->
<testsuite ignored="0" hostname="LWLT5CD048LZMF" failures="1" tests="1" name="TestOn-Android-Samsung Galaxy Tab S7" time="15.738" errors="0" timestamp="2022-03-31T13:50:37 BST">
  <testcase classname="testrunner.ExecuteTests" name="@AfterClass closeApp" time="0.006">
    <failure type="java.lang.NullPointerException" message="Cannot invoke &amp;quot;com.aventstack.extentreports.ExtentReports.flush()&amp;quot; because &amp;quot;this.report&amp;quot; is null">
      <![CDATA[java.lang.NullPointerException: Cannot invoke "com.aventstack.extentreports.ExtentReports.flush()" because "this.report" is null
at testrunner.ExecuteTests.closeApp(ExecuteTests.java:440)
at java.base/java.util.ArrayList.forEach(ArrayList.java:1511)
... Removed 23 stack frames]]>
    </failure>
  </testcase> <!-- @AfterClass closeApp -->
  <testcase classname="testrunner.ExecuteTests" name="executeTests" time="0.026">
    <failure type="java.io.FileNotFoundException" message="C:\Users\sparida.LOWELL2\Desktop\cms-git\Lowell_CMS_TestAutomation\src\test\java\Reports\android_11_android_TestResults\SMOKE_ConsoleLog.txt (The system cannot find the path specified)">
      <![CDATA[java.io.FileNotFoundException: C:\Users\sparida.LOWELL2\Desktop\cms-git\Lowell_CMS_TestAutomation\src\test\java\Reports\android_11_android_TestResults\SMOKE_ConsoleLog.txt (The system cannot find the path specified)
at java.base/java.io.FileOutputStream.open0(Native Method)
at java.base/java.io.FileOutputStream.open(FileOutputStream.java:293)
at java.base/java.io.FileOutputStream.<init>(FileOutputStream.java:235)
at java.base/java.io.FileOutputStream.<init>(FileOutputStream.java:184)
at java.base/java.io.PrintStream.<init>(PrintStream.java:341)
at testrunner.ExecuteTests.executeTests(ExecuteTests.java:141)
at java.base/java.util.ArrayList.forEach(ArrayList.java:1511)
... Removed 25 stack frames]]>
    </failure>
  </testcase> <!-- executeTests -->
</testsuite> <!-- TestOn-Android-Samsung Galaxy Tab S7 -->
