<?xml version="1.0" encoding="UTF-8"?>
<!-- Generated by org.testng.reporters.JUnitXMLReporter -->
<testsuite ignored="0" hostname="LWLT5CD048LZMF" failures="1" tests="1" name="TestOn-Android-Samsung Galaxy Note 8" time="283.151" errors="0" timestamp="2022-03-31T17:06:18 BST">
  <testcase classname="testrunner.ExecuteTests" name="executeTests" time="270.427">
    <failure type="java.lang.RuntimeException" message="Test Cases are not passed 100%; so failing this build
 Percentage found : PASS :3.0800822 : FAIL :0.8213553 : SKIP :96.09856">
      <![CDATA[java.lang.RuntimeException: Test Cases are not passed 100%; so failing this build
 Percentage found : PASS :3.0800822 : FAIL :0.8213553 : SKIP :96.09856
at testrunner.ExecuteTests.executeTests(ExecuteTests.java:441)
at java.base/java.util.ArrayList.forEach(ArrayList.java:1511)
... Removed 25 stack frames]]>
    </failure>
  </testcase> <!-- executeTests -->
</testsuite> <!-- TestOn-Android-Samsung Galaxy Note 8 -->
